  [1m[35m (1099.9ms)[0m  [1m[35mCREATE DATABASE "app_development" ENCODING = 'unicode'[0m
  [1m[35m (399.5ms)[0m  [1m[35mCREATE DATABASE "app_test" ENCODING = 'unicode'[0m
Started GET "/" for ::1 at 2020-07-13 18:08:11 -0400
  
ActiveRecord::PendingMigrationError (

Migrations are pending. To resolve this issue, run:

        rails db:migrate RAILS_ENV=development

):
  
activerecord (6.0.3.2) lib/active_record/migration.rb:586:in `check_pending!'
activerecord (6.0.3.2) lib/active_record/migration.rb:564:in `call'
actionpack (6.0.3.2) lib/action_dispatch/middleware/callbacks.rb:27:in `block in call'
activesupport (6.0.3.2) lib/active_support/callbacks.rb:101:in `run_callbacks'
actionpack (6.0.3.2) lib/action_dispatch/middleware/callbacks.rb:26:in `call'
actionpack (6.0.3.2) lib/action_dispatch/middleware/executor.rb:14:in `call'
actionpack (6.0.3.2) lib/action_dispatch/middleware/actionable_exceptions.rb:17:in `call'
actionpack (6.0.3.2) lib/action_dispatch/middleware/debug_exceptions.rb:32:in `call'
actionpack (6.0.3.2) lib/action_dispatch/middleware/show_exceptions.rb:33:in `call'
railties (6.0.3.2) lib/rails/rack/logger.rb:37:in `call_app'
railties (6.0.3.2) lib/rails/rack/logger.rb:26:in `block in call'
activesupport (6.0.3.2) lib/active_support/tagged_logging.rb:80:in `block in tagged'
activesupport (6.0.3.2) lib/active_support/tagged_logging.rb:28:in `tagged'
activesupport (6.0.3.2) lib/active_support/tagged_logging.rb:80:in `tagged'
railties (6.0.3.2) lib/rails/rack/logger.rb:26:in `call'
actionpack (6.0.3.2) lib/action_dispatch/middleware/remote_ip.rb:81:in `call'
actionpack (6.0.3.2) lib/action_dispatch/middleware/request_id.rb:27:in `call'
rack (2.2.3) lib/rack/runtime.rb:22:in `call'
activesupport (6.0.3.2) lib/active_support/cache/strategy/local_cache_middleware.rb:29:in `call'
actionpack (6.0.3.2) lib/action_dispatch/middleware/executor.rb:14:in `call'
actionpack (6.0.3.2) lib/action_dispatch/middleware/static.rb:126:in `call'
rack (2.2.3) lib/rack/sendfile.rb:110:in `call'
actionpack (6.0.3.2) lib/action_dispatch/middleware/host_authorization.rb:82:in `call'
railties (6.0.3.2) lib/rails/engine.rb:527:in `call'
puma (4.3.5) lib/puma/configuration.rb:228:in `call'
puma (4.3.5) lib/puma/server.rb:713:in `handle_request'
puma (4.3.5) lib/puma/server.rb:472:in `process_client'
puma (4.3.5) lib/puma/server.rb:328:in `block in run'
puma (4.3.5) lib/puma/thread_pool.rb:134:in `block in spawn_thread'
  [1m[35m (44.8ms)[0m  [1m[35mCREATE DATABASE "app_development" ENCODING = 'unicode'[0m
  [1m[35m (0.6ms)[0m  [1m[35mCREATE DATABASE "app_test" ENCODING = 'unicode'[0m
  [1m[35m (191.6ms)[0m  [1m[35mDROP DATABASE IF EXISTS "app_development"[0m
  [1m[35m (148.4ms)[0m  [1m[35mDROP DATABASE IF EXISTS "app_test"[0m
  [1m[35m (742.1ms)[0m  [1m[35mCREATE DATABASE "app_development" ENCODING = 'unicode'[0m
  [1m[35m (305.5ms)[0m  [1m[35mCREATE DATABASE "app_test" ENCODING = 'unicode'[0m
  [1m[35m (56.0ms)[0m  [1m[35mCREATE TABLE "schema_migrations" ("version" character varying NOT NULL PRIMARY KEY)[0m
  [1m[35m (6.2ms)[0m  [1m[35mCREATE TABLE "ar_internal_metadata" ("key" character varying NOT NULL PRIMARY KEY, "value" character varying, "created_at" timestamp(6) NOT NULL, "updated_at" timestamp(6) NOT NULL)[0m
  [1m[35m (3.7ms)[0m  [1m[34mSELECT pg_try_advisory_lock(5277929974492897470)[0m
  [1m[35m (1.5ms)[0m  [1m[34mSELECT "schema_migrations"."version" FROM "schema_migrations" ORDER BY "schema_migrations"."version" ASC[0m
Migrating to CreateUsers (20200713202924)
  [1m[35m (9.0ms)[0m  [1m[35mBEGIN[0m
  [1m[35m (8.3ms)[0m  [1m[35mCREATE TABLE "users" ("id" bigserial primary key, "username" character varying, "password_digest" character varying, "created_at" timestamp(6) NOT NULL, "updated_at" timestamp(6) NOT NULL)[0m
  [1m[36mprimary::SchemaMigration Create (21.8ms)[0m  [1m[32mINSERT INTO "schema_migrations" ("version") VALUES ($1) RETURNING "version"[0m  [["version", "20200713202924"]]
  [1m[35m (0.9ms)[0m  [1m[35mCOMMIT[0m
Migrating to CreateArticles (20200713203712)
  [1m[35m (0.8ms)[0m  [1m[35mBEGIN[0m
  [1m[35m (22.1ms)[0m  [1m[35mCREATE TABLE "articles" ("id" bigserial primary key, "user_id" character varying, "movie_id" character varying, "article" character varying, "created_at" timestamp(6) NOT NULL, "updated_at" timestamp(6) NOT NULL)[0m
  [1m[36mprimary::SchemaMigration Create (0.5ms)[0m  [1m[32mINSERT INTO "schema_migrations" ("version") VALUES ($1) RETURNING "version"[0m  [["version", "20200713203712"]]
  [1m[35m (1.5ms)[0m  [1m[35mCOMMIT[0m
Migrating to CreateMovies (20200713204043)
  [1m[35m (21.8ms)[0m  [1m[35mBEGIN[0m
  [1m[35m (4.1ms)[0m  [1m[35mCREATE TABLE "movies" ("id" bigserial primary key, "title" character varying, "img_url" character varying, "created_at" timestamp(6) NOT NULL, "updated_at" timestamp(6) NOT NULL)[0m
  [1m[36mprimary::SchemaMigration Create (0.3ms)[0m  [1m[32mINSERT INTO "schema_migrations" ("version") VALUES ($1) RETURNING "version"[0m  [["version", "20200713204043"]]
  [1m[35m (1.4ms)[0m  [1m[35mCOMMIT[0m
  [1m[36mActiveRecord::InternalMetadata Load (0.5ms)[0m  [1m[34mSELECT "ar_internal_metadata".* FROM "ar_internal_metadata" WHERE "ar_internal_metadata"."key" = $1 LIMIT $2[0m  [["key", "environment"], ["LIMIT", 1]]
  [1m[35m (0.2ms)[0m  [1m[35mBEGIN[0m
  [1m[36mActiveRecord::InternalMetadata Create (1.3ms)[0m  [1m[32mINSERT INTO "ar_internal_metadata" ("key", "value", "created_at", "updated_at") VALUES ($1, $2, $3, $4) RETURNING "key"[0m  [["key", "environment"], ["value", "development"], ["created_at", "2020-07-13 22:09:38.269355"], ["updated_at", "2020-07-13 22:09:38.269355"]]
  [1m[35m (0.5ms)[0m  [1m[35mCOMMIT[0m
  [1m[35m (0.6ms)[0m  [1m[34mSELECT pg_advisory_unlock(5277929974492897470)[0m
  [1m[35m (0.8ms)[0m  [1m[34mSELECT "schema_migrations"."version" FROM "schema_migrations" ORDER BY "schema_migrations"."version" ASC[0m
Started GET "/" for ::1 at 2020-07-13 18:10:00 -0400
  [1m[35m (1.3ms)[0m  [1m[34mSELECT "schema_migrations"."version" FROM "schema_migrations" ORDER BY "schema_migrations"."version" ASC[0m
Processing by Rails::WelcomeController#index as HTML
  Rendering /Users/colinmalcolm/.rbenv/versions/2.7.1/lib/ruby/gems/2.7.0/gems/railties-6.0.3.2/lib/rails/templates/rails/welcome/index.html.erb
  Rendered /Users/colinmalcolm/.rbenv/versions/2.7.1/lib/ruby/gems/2.7.0/gems/railties-6.0.3.2/lib/rails/templates/rails/welcome/index.html.erb (Duration: 14.5ms | Allocations: 295)
Completed 200 OK in 42ms (Views: 23.5ms | ActiveRecord: 0.0ms | Allocations: 1540)


Started GET "/users" for ::1 at 2020-07-13 18:10:10 -0400
Processing by UsersController#index as HTML
  [1m[36mUser Load (12.3ms)[0m  [1m[34mSELECT "users".* FROM "users"[0m
  ↳ app/controllers/users_controller.rb:8:in `index'
Completed 200 OK in 112ms (Views: 9.8ms | ActiveRecord: 84.6ms | Allocations: 1805)


  [1m[35m (0.6ms)[0m  [1m[34mSELECT pg_try_advisory_lock(5277929974492897470)[0m
  [1m[35m (25.7ms)[0m  [1m[34mSELECT "schema_migrations"."version" FROM "schema_migrations" ORDER BY "schema_migrations"."version" ASC[0m
  [1m[36mActiveRecord::InternalMetadata Load (4.3ms)[0m  [1m[34mSELECT "ar_internal_metadata".* FROM "ar_internal_metadata" WHERE "ar_internal_metadata"."key" = $1 LIMIT $2[0m  [["key", "environment"], ["LIMIT", 1]]
  [1m[35m (0.3ms)[0m  [1m[34mSELECT pg_advisory_unlock(5277929974492897470)[0m
  [1m[35m (9.8ms)[0m  [1m[34mSELECT "schema_migrations"."version" FROM "schema_migrations" ORDER BY "schema_migrations"."version" ASC[0m
Started GET "/users" for ::1 at 2020-07-14 08:46:32 -0400
  [1m[35m (0.9ms)[0m  [1m[34mSELECT "schema_migrations"."version" FROM "schema_migrations" ORDER BY "schema_migrations"."version" ASC[0m
  
SyntaxError (/Users/colinmalcolm/General_Assembly/sei/Unit_4/week3/project4/Schmedium/app/controllers/users_controller.rb:56: syntax error, unexpected end-of-input, expecting `end'):
  
app/controllers/users_controller.rb:56: syntax error, unexpected end-of-input, expecting `end'
app/controllers/users_controller.rb:56: syntax error, unexpected end-of-input, expecting `end'
Started GET "/users" for ::1 at 2020-07-14 08:47:37 -0400
  
SyntaxError (/Users/colinmalcolm/General_Assembly/sei/Unit_4/week3/project4/Schmedium/app/controllers/users_controller.rb:56: syntax error, unexpected end-of-input, expecting `end'):
  
app/controllers/users_controller.rb:56: syntax error, unexpected end-of-input, expecting `end'
app/controllers/users_controller.rb:56: syntax error, unexpected end-of-input, expecting `end'
Started GET "/users" for ::1 at 2020-07-14 08:47:43 -0400
  
SyntaxError (/Users/colinmalcolm/General_Assembly/sei/Unit_4/week3/project4/Schmedium/app/controllers/users_controller.rb:56: syntax error, unexpected end-of-input, expecting `end'):
  
app/controllers/users_controller.rb:56: syntax error, unexpected end-of-input, expecting `end'
app/controllers/users_controller.rb:56: syntax error, unexpected end-of-input, expecting `end'
Started GET "/users" for ::1 at 2020-07-14 08:47:45 -0400
  
SyntaxError (/Users/colinmalcolm/General_Assembly/sei/Unit_4/week3/project4/Schmedium/app/controllers/users_controller.rb:56: syntax error, unexpected end-of-input, expecting `end'):
  
app/controllers/users_controller.rb:56: syntax error, unexpected end-of-input, expecting `end'
app/controllers/users_controller.rb:56: syntax error, unexpected end-of-input, expecting `end'
Started GET "/" for ::1 at 2020-07-14 08:47:52 -0400
Processing by Rails::WelcomeController#index as HTML
  Rendering /Users/colinmalcolm/.rbenv/versions/2.7.1/lib/ruby/gems/2.7.0/gems/railties-6.0.3.2/lib/rails/templates/rails/welcome/index.html.erb
  Rendered /Users/colinmalcolm/.rbenv/versions/2.7.1/lib/ruby/gems/2.7.0/gems/railties-6.0.3.2/lib/rails/templates/rails/welcome/index.html.erb (Duration: 7.2ms | Allocations: 183)
Completed 200 OK in 11ms (Views: 9.1ms | ActiveRecord: 0.0ms | Allocations: 856)


Started GET "/users" for ::1 at 2020-07-14 08:47:57 -0400
  
SyntaxError (/Users/colinmalcolm/General_Assembly/sei/Unit_4/week3/project4/Schmedium/app/controllers/users_controller.rb:56: syntax error, unexpected end-of-input, expecting `end'):
  
app/controllers/users_controller.rb:56: syntax error, unexpected end-of-input, expecting `end'
app/controllers/users_controller.rb:56: syntax error, unexpected end-of-input, expecting `end'
Started GET "/users" for ::1 at 2020-07-14 08:48:10 -0400
  
SyntaxError (/Users/colinmalcolm/General_Assembly/sei/Unit_4/week3/project4/Schmedium/app/controllers/users_controller.rb:56: syntax error, unexpected end-of-input, expecting `end'):
  
app/controllers/users_controller.rb:56: syntax error, unexpected end-of-input, expecting `end'
app/controllers/users_controller.rb:56: syntax error, unexpected end-of-input, expecting `end'
Started GET "/users" for ::1 at 2020-07-14 10:54:44 -0400
  [1m[35m (3.5ms)[0m  [1m[34mSELECT "schema_migrations"."version" FROM "schema_migrations" ORDER BY "schema_migrations"."version" ASC[0m
  
SyntaxError (/Users/colinmalcolm/General_Assembly/sei/Unit_4/week3/project4/Schmedium/app/controllers/users_controller.rb:56: syntax error, unexpected end-of-input, expecting `end'):
  
app/controllers/users_controller.rb:56: syntax error, unexpected end-of-input, expecting `end'
app/controllers/users_controller.rb:56: syntax error, unexpected end-of-input, expecting `end'
Started GET "/users" for ::1 at 2020-07-14 10:58:08 -0400
  
SyntaxError (/Users/colinmalcolm/General_Assembly/sei/Unit_4/week3/project4/Schmedium/app/controllers/users_controller.rb:56: syntax error, unexpected end-of-input, expecting `end'):
  
app/controllers/users_controller.rb:56: syntax error, unexpected end-of-input, expecting `end'
app/controllers/users_controller.rb:56: syntax error, unexpected end-of-input, expecting `end'
Started GET "/users" for ::1 at 2020-07-14 10:58:23 -0400
  
SyntaxError (/Users/colinmalcolm/General_Assembly/sei/Unit_4/week3/project4/Schmedium/app/controllers/users_controller.rb:56: syntax error, unexpected end-of-input, expecting `end'):
  
app/controllers/users_controller.rb:56: syntax error, unexpected end-of-input, expecting `end'
app/controllers/users_controller.rb:56: syntax error, unexpected end-of-input, expecting `end'
Started GET "/users" for ::1 at 2020-07-14 10:58:25 -0400
  
SyntaxError (/Users/colinmalcolm/General_Assembly/sei/Unit_4/week3/project4/Schmedium/app/controllers/users_controller.rb:56: syntax error, unexpected end-of-input, expecting `end'):
  
app/controllers/users_controller.rb:56: syntax error, unexpected end-of-input, expecting `end'
app/controllers/users_controller.rb:56: syntax error, unexpected end-of-input, expecting `end'
Started GET "/users" for ::1 at 2020-07-14 10:58:41 -0400
  [1m[35m (1.2ms)[0m  [1m[34mSELECT "schema_migrations"."version" FROM "schema_migrations" ORDER BY "schema_migrations"."version" ASC[0m
  
SyntaxError (/Users/colinmalcolm/General_Assembly/sei/Unit_4/week3/project4/Schmedium/app/controllers/users_controller.rb:56: syntax error, unexpected end-of-input, expecting `end'):
  
app/controllers/users_controller.rb:56: syntax error, unexpected end-of-input, expecting `end'
app/controllers/users_controller.rb:56: syntax error, unexpected end-of-input, expecting `end'
Started GET "/users" for ::1 at 2020-07-14 10:58:56 -0400
  
SyntaxError (/Users/colinmalcolm/General_Assembly/sei/Unit_4/week3/project4/Schmedium/app/controllers/users_controller.rb:56: syntax error, unexpected end-of-input, expecting `end'):
  
app/controllers/users_controller.rb:56: syntax error, unexpected end-of-input, expecting `end'
app/controllers/users_controller.rb:56: syntax error, unexpected end-of-input, expecting `end'
Started GET "/users" for ::1 at 2020-07-14 10:59:19 -0400
  
SyntaxError (/Users/colinmalcolm/General_Assembly/sei/Unit_4/week3/project4/Schmedium/app/controllers/users_controller.rb:56: syntax error, unexpected end-of-input, expecting `end'):
  
app/controllers/users_controller.rb:56: syntax error, unexpected end-of-input, expecting `end'
app/controllers/users_controller.rb:56: syntax error, unexpected end-of-input, expecting `end'
Started GET "/users" for ::1 at 2020-07-14 11:01:46 -0400
  
SyntaxError (/Users/colinmalcolm/General_Assembly/sei/Unit_4/week3/project4/Schmedium/app/controllers/users_controller.rb:56: syntax error, unexpected end-of-input, expecting `end'):
  
app/controllers/users_controller.rb:56: syntax error, unexpected end-of-input, expecting `end'
app/controllers/users_controller.rb:56: syntax error, unexpected end-of-input, expecting `end'
Started GET "/users" for ::1 at 2020-07-14 11:02:40 -0400
  
SyntaxError (/Users/colinmalcolm/General_Assembly/sei/Unit_4/week3/project4/Schmedium/app/controllers/users_controller.rb:56: syntax error, unexpected end-of-input, expecting `end'):
  
app/controllers/users_controller.rb:56: syntax error, unexpected end-of-input, expecting `end'
app/controllers/users_controller.rb:56: syntax error, unexpected end-of-input, expecting `end'
Started GET "/users" for ::1 at 2020-07-14 11:02:43 -0400
  
SyntaxError (/Users/colinmalcolm/General_Assembly/sei/Unit_4/week3/project4/Schmedium/app/controllers/users_controller.rb:56: syntax error, unexpected end-of-input, expecting `end'):
  
app/controllers/users_controller.rb:56: syntax error, unexpected end-of-input, expecting `end'
app/controllers/users_controller.rb:56: syntax error, unexpected end-of-input, expecting `end'
Started GET "/users" for ::1 at 2020-07-14 11:03:41 -0400
Processing by UsersController#index as HTML
  [1m[36mUser Load (9.5ms)[0m  [1m[34mSELECT "users".* FROM "users"[0m
  ↳ app/controllers/users_controller.rb:8:in `index'
Completed 200 OK in 35ms (Views: 4.1ms | ActiveRecord: 12.4ms | Allocations: 2993)


Started GET "/articles/new" for ::1 at 2020-07-14 11:03:58 -0400
Processing by ArticlesController#show as HTML
  Parameters: {"id"=>"new"}
  [1m[36mArticle Load (1.4ms)[0m  [1m[34mSELECT "articles".* FROM "articles" WHERE "articles"."id" = $1 LIMIT $2[0m  [["id", nil], ["LIMIT", 1]]
  ↳ app/controllers/articles_controller.rb:44:in `set_article'
Completed 404 Not Found in 99ms (ActiveRecord: 60.1ms | Allocations: 2485)


  
ActiveRecord::RecordNotFound (Couldn't find Article with 'id'=new):
  
app/controllers/articles_controller.rb:44:in `set_article'
Started GET "/articles" for ::1 at 2020-07-14 11:04:10 -0400
Processing by ArticlesController#index as HTML
  [1m[36mArticle Load (0.4ms)[0m  [1m[34mSELECT "articles".* FROM "articles"[0m
  ↳ app/controllers/articles_controller.rb:8:in `index'
Completed 200 OK in 3ms (Views: 2.0ms | ActiveRecord: 0.4ms | Allocations: 852)


Started GET "/articles" for ::1 at 2020-07-14 13:29:00 -0400
  [1m[35m (1.4ms)[0m  [1m[34mSELECT "schema_migrations"."version" FROM "schema_migrations" ORDER BY "schema_migrations"."version" ASC[0m
Processing by ArticlesController#index as HTML
  [1m[36mArticle Load (6.8ms)[0m  [1m[34mSELECT "articles".* FROM "articles"[0m
  ↳ app/controllers/articles_controller.rb:8:in `index'
Completed 200 OK in 21ms (Views: 2.7ms | ActiveRecord: 8.9ms | Allocations: 2152)


Started GET "/users" for ::1 at 2020-07-14 13:29:05 -0400
Processing by UsersController#index as HTML
  [1m[36mUser Load (1.1ms)[0m  [1m[34mSELECT "users".* FROM "users"[0m
  ↳ app/controllers/users_controller.rb:8:in `index'
Completed 200 OK in 20ms (Views: 4.5ms | ActiveRecord: 4.2ms | Allocations: 2341)


Started GET "/movies" for ::1 at 2020-07-14 13:29:15 -0400
Processing by MoviesController#index as HTML
  [1m[36mMovie Load (3.9ms)[0m  [1m[34mSELECT "movies".* FROM "movies"[0m
  ↳ app/controllers/movies_controller.rb:8:in `index'
Completed 200 OK in 44ms (Views: 4.4ms | ActiveRecord: 31.4ms | Allocations: 2360)


Started GET "/articles" for ::1 at 2020-07-14 13:32:04 -0400
Processing by ArticlesController#index as HTML
  [1m[36mArticle Load (23.7ms)[0m  [1m[34mSELECT "articles".* FROM "articles"[0m
  ↳ app/controllers/articles_controller.rb:8:in `index'
Completed 200 OK in 27ms (Views: 2.5ms | ActiveRecord: 23.7ms | Allocations: 825)


Started GET "/users" for ::1 at 2020-07-14 13:32:11 -0400
Processing by UsersController#index as HTML
  [1m[36mUser Load (0.3ms)[0m  [1m[34mSELECT "users".* FROM "users"[0m
  ↳ app/controllers/users_controller.rb:8:in `index'
Completed 200 OK in 2ms (Views: 1.7ms | ActiveRecord: 0.3ms | Allocations: 823)


Started GET "/users" for ::1 at 2020-07-14 13:32:24 -0400
Processing by UsersController#index as HTML
  [1m[36mUser Load (0.3ms)[0m  [1m[34mSELECT "users".* FROM "users"[0m
  ↳ app/controllers/users_controller.rb:8:in `index'
Completed 200 OK in 4ms (Views: 2.8ms | ActiveRecord: 0.3ms | Allocations: 823)


Started GET "/" for ::1 at 2020-07-14 13:32:30 -0400
Processing by Rails::WelcomeController#index as HTML
  Rendering /Users/colinmalcolm/.rbenv/versions/2.7.1/lib/ruby/gems/2.7.0/gems/railties-6.0.3.2/lib/rails/templates/rails/welcome/index.html.erb
  Rendered /Users/colinmalcolm/.rbenv/versions/2.7.1/lib/ruby/gems/2.7.0/gems/railties-6.0.3.2/lib/rails/templates/rails/welcome/index.html.erb (Duration: 17.8ms | Allocations: 295)
Completed 200 OK in 51ms (Views: 33.9ms | ActiveRecord: 0.0ms | Allocations: 1535)


Started GET "/movies" for ::1 at 2020-07-14 13:32:35 -0400
Processing by MoviesController#index as HTML
  [1m[36mMovie Load (23.2ms)[0m  [1m[34mSELECT "movies".* FROM "movies"[0m
  ↳ app/controllers/movies_controller.rb:8:in `index'
Completed 200 OK in 28ms (Views: 3.8ms | ActiveRecord: 23.2ms | Allocations: 823)


Started GET "/movies" for ::1 at 2020-07-14 13:51:34 -0400
Processing by MoviesController#index as HTML
  [1m[36mMovie Load (0.9ms)[0m  [1m[34mSELECT "movies".* FROM "movies"[0m
  ↳ app/controllers/movies_controller.rb:8:in `index'
Completed 200 OK in 6ms (Views: 4.4ms | ActiveRecord: 0.9ms | Allocations: 908)


Started GET "/movies" for ::1 at 2020-07-14 13:51:38 -0400
Processing by MoviesController#index as HTML
  [1m[36mMovie Load (0.4ms)[0m  [1m[34mSELECT "movies".* FROM "movies"[0m
  ↳ app/controllers/movies_controller.rb:8:in `index'
Completed 200 OK in 3ms (Views: 2.7ms | ActiveRecord: 0.4ms | Allocations: 842)


Started GET "/movies" for ::1 at 2020-07-14 13:51:40 -0400
Processing by MoviesController#index as HTML
  [1m[36mMovie Load (0.5ms)[0m  [1m[34mSELECT "movies".* FROM "movies"[0m
  ↳ app/controllers/movies_controller.rb:8:in `index'
Completed 200 OK in 3ms (Views: 2.5ms | ActiveRecord: 0.5ms | Allocations: 823)


Started GET "/movies" for ::1 at 2020-07-14 13:51:48 -0400
Processing by MoviesController#index as HTML
  [1m[36mMovie Load (0.6ms)[0m  [1m[34mSELECT "movies".* FROM "movies"[0m
  ↳ app/controllers/movies_controller.rb:8:in `index'
Completed 200 OK in 4ms (Views: 2.6ms | ActiveRecord: 0.6ms | Allocations: 823)


Started GET "/movies" for ::1 at 2020-07-14 13:51:57 -0400
Processing by MoviesController#index as HTML
  [1m[36mMovie Load (0.4ms)[0m  [1m[34mSELECT "movies".* FROM "movies"[0m
  ↳ app/controllers/movies_controller.rb:8:in `index'
Completed 200 OK in 4ms (Views: 3.0ms | ActiveRecord: 0.4ms | Allocations: 823)


Started GET "/movies" for ::1 at 2020-07-14 14:03:53 -0400
Processing by MoviesController#index as HTML
  [1m[36mMovie Load (4.7ms)[0m  [1m[34mSELECT "movies".* FROM "movies"[0m
  ↳ app/controllers/movies_controller.rb:8:in `index'
Completed 200 OK in 20ms (Views: 11.5ms | ActiveRecord: 4.7ms | Allocations: 899)


  [1m[35m (1.7ms)[0m  [1m[34mSELECT "schema_migrations"."version" FROM "schema_migrations" ORDER BY "schema_migrations"."version" ASC[0m
  [1m[35m (5.3ms)[0m  [1m[35mBEGIN[0m
  [1m[36mUser Exists? (1.2ms)[0m  [1m[34mSELECT 1 AS one FROM "users" WHERE "users"."username" = $1 LIMIT $2[0m  [["username", "Colin"], ["LIMIT", 1]]
  [1m[36mUser Create (9.4ms)[0m  [1m[32mINSERT INTO "users" ("username", "password_digest", "created_at", "updated_at") VALUES ($1, $2, $3, $4) RETURNING "id"[0m  [["username", "Colin"], ["password_digest", "$2a$12$2q4oHxQymwWQgNdTX.DuVuPitSbNj369xuylX3q4L5JKUB.t./aIS"], ["created_at", "2020-07-14 18:12:15.454204"], ["updated_at", "2020-07-14 18:12:15.454204"]]
  [1m[35m (2.0ms)[0m  [1m[35mCOMMIT[0m
  [1m[35m (1.6ms)[0m  [1m[34mSELECT "schema_migrations"."version" FROM "schema_migrations" ORDER BY "schema_migrations"."version" ASC[0m
  [1m[35m (0.3ms)[0m  [1m[35mBEGIN[0m
  [1m[36mUser Exists? (1.6ms)[0m  [1m[34mSELECT 1 AS one FROM "users" WHERE "users"."username" = $1 LIMIT $2[0m  [["username", "Colin"], ["LIMIT", 1]]
  [1m[35m (1.1ms)[0m  [1m[31mROLLBACK[0m
  [1m[35m (0.7ms)[0m  [1m[34mSELECT "schema_migrations"."version" FROM "schema_migrations" ORDER BY "schema_migrations"."version" ASC[0m
  [1m[35m (0.2ms)[0m  [1m[35mBEGIN[0m
  [1m[36mUser Exists? (24.9ms)[0m  [1m[34mSELECT 1 AS one FROM "users" WHERE "users"."username" = $1 LIMIT $2[0m  [["username", "Colin"], ["LIMIT", 1]]
  [1m[35m (0.2ms)[0m  [1m[31mROLLBACK[0m
  [1m[35m (1.0ms)[0m  [1m[34mSELECT "schema_migrations"."version" FROM "schema_migrations" ORDER BY "schema_migrations"."version" ASC[0m
  [1m[36mUser Load (0.6ms)[0m  [1m[34mSELECT "users".* FROM "users"[0m
  [1m[35m (20.0ms)[0m  [1m[35mBEGIN[0m
  [1m[36mUser Destroy (1.5ms)[0m  [1m[31mDELETE FROM "users" WHERE "users"."id" = $1[0m  [["id", 1]]
  [1m[35m (0.6ms)[0m  [1m[35mCOMMIT[0m
  [1m[35m (0.2ms)[0m  [1m[35mBEGIN[0m
  [1m[36mUser Exists? (0.6ms)[0m  [1m[34mSELECT 1 AS one FROM "users" WHERE "users"."username" = $1 LIMIT $2[0m  [["username", "Colin"], ["LIMIT", 1]]
  [1m[36mUser Create (0.5ms)[0m  [1m[32mINSERT INTO "users" ("username", "password_digest", "created_at", "updated_at") VALUES ($1, $2, $3, $4) RETURNING "id"[0m  [["username", "Colin"], ["password_digest", "$2a$12$mcxBF0oXDMKma6Ars7kaguJ9bJTnwsUzuV7ivhjYjIeUiJAeYCMFq"], ["created_at", "2020-07-14 18:15:38.874346"], ["updated_at", "2020-07-14 18:15:38.874346"]]
  [1m[35m (0.9ms)[0m  [1m[35mCOMMIT[0m
  [1m[35m (1.0ms)[0m  [1m[34mSELECT "schema_migrations"."version" FROM "schema_migrations" ORDER BY "schema_migrations"."version" ASC[0m
  [1m[36mUser Load (30.0ms)[0m  [1m[34mSELECT "users".* FROM "users"[0m
  [1m[35m (21.9ms)[0m  [1m[35mBEGIN[0m
  [1m[36mUser Destroy (0.6ms)[0m  [1m[31mDELETE FROM "users" WHERE "users"."id" = $1[0m  [["id", 2]]
  [1m[35m (0.8ms)[0m  [1m[35mCOMMIT[0m
  [1m[36mMovie Load (0.6ms)[0m  [1m[34mSELECT "movies".* FROM "movies"[0m
  [1m[36mArticle Load (19.6ms)[0m  [1m[34mSELECT "articles".* FROM "articles"[0m
  [1m[35m (0.2ms)[0m  [1m[35mBEGIN[0m
  [1m[36mUser Exists? (0.7ms)[0m  [1m[34mSELECT 1 AS one FROM "users" WHERE "users"."username" = $1 LIMIT $2[0m  [["username", "Colin"], ["LIMIT", 1]]
  [1m[36mUser Create (1.0ms)[0m  [1m[32mINSERT INTO "users" ("username", "password_digest", "created_at", "updated_at") VALUES ($1, $2, $3, $4) RETURNING "id"[0m  [["username", "Colin"], ["password_digest", "$2a$12$8X8hTVsnToUgczPyArWnPOur7uO8DoUWj98SQoJBhow21RexnLeb6"], ["created_at", "2020-07-14 18:16:20.161790"], ["updated_at", "2020-07-14 18:16:20.161790"]]
  [1m[35m (1.4ms)[0m  [1m[35mCOMMIT[0m
  [1m[35m (1.5ms)[0m  [1m[34mSELECT "schema_migrations"."version" FROM "schema_migrations" ORDER BY "schema_migrations"."version" ASC[0m
  [1m[36mUser Load (1.3ms)[0m  [1m[34mSELECT "users".* FROM "users"[0m
  [1m[35m (0.3ms)[0m  [1m[35mBEGIN[0m
  [1m[36mUser Destroy (36.6ms)[0m  [1m[31mDELETE FROM "users" WHERE "users"."id" = $1[0m  [["id", 3]]
  [1m[35m (1.8ms)[0m  [1m[35mCOMMIT[0m
  [1m[36mMovie Load (24.3ms)[0m  [1m[34mSELECT "movies".* FROM "movies"[0m
  [1m[35m (4.7ms)[0m  [1m[35mBEGIN[0m
  [1m[36mUser Exists? (0.7ms)[0m  [1m[34mSELECT 1 AS one FROM "users" WHERE "users"."username" = $1 LIMIT $2[0m  [["username", "Colin"], ["LIMIT", 1]]
  [1m[36mUser Create (1.5ms)[0m  [1m[32mINSERT INTO "users" ("username", "password_digest", "created_at", "updated_at") VALUES ($1, $2, $3, $4) RETURNING "id"[0m  [["username", "Colin"], ["password_digest", "$2a$12$lScKG7ls8B/APIQ7yZ6B7O8hK74LBetL7SQtZK..O49voQX1UpqWC"], ["created_at", "2020-07-14 18:16:48.960762"], ["updated_at", "2020-07-14 18:16:48.960762"]]
  [1m[35m (1.0ms)[0m  [1m[35mCOMMIT[0m
